c:\users\newt-\documents\visual studio 2015\projects\client\client\debug\client.pch
c:\users\newt-\documents\visual studio 2015\projects\client\client\debug\vc140.pdb
c:\users\newt-\documents\visual studio 2015\projects\client\client\debug\vc140.idb
c:\users\newt-\documents\visual studio 2015\projects\client\client\debug\stdafx.obj
c:\users\newt-\documents\visual studio 2015\projects\client\client\debug\client.obj
c:\users\newt-\documents\visual studio 2015\projects\client\client\debug\clientnetwork.obj
c:\users\newt-\documents\visual studio 2015\projects\client\client\debug\networkservices.obj
c:\users\newt-\documents\visual studio 2015\projects\client\client\debug\startclient.obj
c:\users\newt-\documents\visual studio 2015\projects\client\client\debug\datasim.obj
c:\users\newt-\documents\visual studio 2015\projects\client\client\debug\fuelgauge.obj
c:\users\newt-\documents\visual studio 2015\projects\client\client\debug\gps.obj
c:\users\newt-\documents\visual studio 2015\projects\client\client\debug\randomgenerator.obj
c:\users\newt-\documents\visual studio 2015\projects\client\client\debug\thermometer.obj
c:\users\newt-\documents\visual studio 2015\projects\client\client\debug\timer.obj
c:\users\newt-\documents\visual studio 2015\projects\client\client\debug\windgenerator.obj
c:\users\newt-\documents\visual studio 2015\projects\client\client\debug\plane.obj
c:\users\newt-\documents\visual studio 2015\projects\client\client\debug\sensor.obj
c:\users\newt-\documents\visual studio 2015\projects\client\client\debug\speedometer.obj
c:\users\newt-\documents\visual studio 2015\projects\client\debug\client.ilk
c:\users\newt-\documents\visual studio 2015\projects\client\debug\client.exe
c:\users\newt-\documents\visual studio 2015\projects\client\debug\client.pdb
c:\users\newt-\documents\visual studio 2015\projects\client\client\debug\client.tlog\cl.command.1.tlog
c:\users\newt-\documents\visual studio 2015\projects\client\client\debug\client.tlog\cl.read.1.tlog
c:\users\newt-\documents\visual studio 2015\projects\client\client\debug\client.tlog\cl.write.1.tlog
c:\users\newt-\documents\visual studio 2015\projects\client\client\debug\client.tlog\link.7472-cvtres.read.1.tlog
c:\users\newt-\documents\visual studio 2015\projects\client\client\debug\client.tlog\link.7472-cvtres.write.1.tlog
c:\users\newt-\documents\visual studio 2015\projects\client\client\debug\client.tlog\link.7472-rc.read.1.tlog
c:\users\newt-\documents\visual studio 2015\projects\client\client\debug\client.tlog\link.7472-rc.write.1.tlog
c:\users\newt-\documents\visual studio 2015\projects\client\client\debug\client.tlog\link.7472.read.1.tlog
c:\users\newt-\documents\visual studio 2015\projects\client\client\debug\client.tlog\link.7472.write.1.tlog
c:\users\newt-\documents\visual studio 2015\projects\client\client\debug\client.tlog\link.command.1.tlog
c:\users\newt-\documents\visual studio 2015\projects\client\client\debug\client.tlog\link.read.1.tlog
c:\users\newt-\documents\visual studio 2015\projects\client\client\debug\client.tlog\link.write.1.tlog
